<?xml version="1.0" encoding="UTF-8"?>
<!-- Generated by org.testng.reporters.JUnitReportReporter -->
<testsuite hostname="Loyaltys-MacBook-Pro-5.local" name="testSuites.Regression" tests="2" failures="0" timestamp="29 Nov 2017 22:57:27 GMT" time="109.624" errors="0">
  <testcase name="loginToApp" time="48.809" classname="testSuites.Regression"/>
  <testcase name="changeDailyChallengeActivity" time="60.815" classname="testSuites.Regression"/>
</testsuite> <!-- testSuites.Regression -->
