<?xml version="1.0" encoding="UTF-8"?>
<!-- Generated by org.testng.reporters.JUnitReportReporter -->
<testsuite hostname="Loyaltys-MacBook-Pro-5.local" name="testSuites.Regression" tests="2" failures="0" timestamp="27 Nov 2017 22:32:41 GMT" time="93.127" errors="0">
  <testcase name="changeDailyChallengeActivity" time="62.151" classname="testSuites.Regression"/>
  <testcase name="loginToApp" time="30.976" classname="testSuites.Regression"/>
</testsuite> <!-- testSuites.Regression -->
