<?xml version="1.0" encoding="UTF-8"?>
<!-- Generated by org.testng.reporters.JUnitReportReporter -->
<testsuite hostname="Loyaltys-MacBook-Pro-5.local" name="testScripts.DailyChallenge" tests="1" failures="0" timestamp="24 Nov 2017 04:30:44 GMT" time="9.012" errors="0">
  <testcase name="editDailyChallenge" time="9.012" classname="testScripts.DailyChallenge"/>
</testsuite> <!-- testScripts.DailyChallenge -->
