<?xml version="1.0" encoding="UTF-8"?>
<!-- Generated by org.testng.reporters.JUnitReportReporter -->
<testsuite hostname="Loyaltys-MacBook-Pro-5.local" name="org.testSuites.com.Regression" tests="1" failures="0" timestamp="24 Nov 2017 04:40:29 GMT" time="8.815" errors="0">
  <testcase name="my" time="8.815" classname="org.testSuites.com.Regression"/>
</testsuite> <!-- org.testSuites.com.Regression -->
